Failed to start server: Error: listen EADDRINUSE: address already in use 127.0.0.1:8923
[90m    at Server.setupListenHandle [as _listen2] (node:net:1940:16)[39m
[90m    at listenInCluster (node:net:1997:12)[39m
[90m    at node:net:2206:7[39m
[90m    at process.processTicksAndRejections (node:internal/process/task_queues:89:21)[39m {
  code: [32m'EADDRINUSE'[39m,
  errno: [33m-48[39m,
  syscall: [32m'listen'[39m,
  address: [32m'127.0.0.1'[39m,
  port: [33m8923[39m
}
Failed to start server: Error: listen EADDRINUSE: address already in use 127.0.0.1:8923
[90m    at Server.setupListenHandle [as _listen2] (node:net:1940:16)[39m
[90m    at listenInCluster (node:net:1997:12)[39m
[90m    at node:net:2206:7[39m
[90m    at process.processTicksAndRejections (node:internal/process/task_queues:89:21)[39m {
  code: [32m'EADDRINUSE'[39m,
  errno: [33m-48[39m,
  syscall: [32m'listen'[39m,
  address: [32m'127.0.0.1'[39m,
  port: [33m8923[39m
}
Failed to start server: Error: listen EADDRINUSE: address already in use 127.0.0.1:8923
[90m    at Server.setupListenHandle [as _listen2] (node:net:1940:16)[39m
[90m    at listenInCluster (node:net:1997:12)[39m
[90m    at node:net:2206:7[39m
[90m    at process.processTicksAndRejections (node:internal/process/task_queues:89:21)[39m {
  code: [32m'EADDRINUSE'[39m,
  errno: [33m-48[39m,
  syscall: [32m'listen'[39m,
  address: [32m'127.0.0.1'[39m,
  port: [33m8923[39m
}
Failed to start server: Error: listen EADDRINUSE: address already in use 127.0.0.1:8923
[90m    at Server.setupListenHandle [as _listen2] (node:net:1940:16)[39m
[90m    at listenInCluster (node:net:1997:12)[39m
[90m    at node:net:2206:7[39m
[90m    at process.processTicksAndRejections (node:internal/process/task_queues:89:21)[39m {
  code: [32m'EADDRINUSE'[39m,
  errno: [33m-48[39m,
  syscall: [32m'listen'[39m,
  address: [32m'127.0.0.1'[39m,
  port: [33m8923[39m
}
Failed to start server: Error: listen EADDRINUSE: address already in use 127.0.0.1:8923
[90m    at Server.setupListenHandle [as _listen2] (node:net:1940:16)[39m
[90m    at listenInCluster (node:net:1997:12)[39m
[90m    at node:net:2206:7[39m
[90m    at process.processTicksAndRejections (node:internal/process/task_queues:89:21)[39m {
  code: [32m'EADDRINUSE'[39m,
  errno: [33m-48[39m,
  syscall: [32m'listen'[39m,
  address: [32m'127.0.0.1'[39m,
  port: [33m8923[39m
}
Failed to start server: Error: listen EADDRINUSE: address already in use 127.0.0.1:8923
[90m    at Server.setupListenHandle [as _listen2] (node:net:1940:16)[39m
[90m    at listenInCluster (node:net:1997:12)[39m
[90m    at node:net:2206:7[39m
[90m    at process.processTicksAndRejections (node:internal/process/task_queues:89:21)[39m {
  code: [32m'EADDRINUSE'[39m,
  errno: [33m-48[39m,
  syscall: [32m'listen'[39m,
  address: [32m'127.0.0.1'[39m,
  port: [33m8923[39m
}
Failed to start server: Error: listen EADDRINUSE: address already in use 127.0.0.1:8923
[90m    at Server.setupListenHandle [as _listen2] (node:net:1940:16)[39m
[90m    at listenInCluster (node:net:1997:12)[39m
[90m    at node:net:2206:7[39m
[90m    at process.processTicksAndRejections (node:internal/process/task_queues:89:21)[39m {
  code: [32m'EADDRINUSE'[39m,
  errno: [33m-48[39m,
  syscall: [32m'listen'[39m,
  address: [32m'127.0.0.1'[39m,
  port: [33m8923[39m
}
Failed to start server: Error: listen EADDRINUSE: address already in use 127.0.0.1:8923
[90m    at Server.setupListenHandle [as _listen2] (node:net:1940:16)[39m
[90m    at listenInCluster (node:net:1997:12)[39m
[90m    at node:net:2206:7[39m
[90m    at process.processTicksAndRejections (node:internal/process/task_queues:89:21)[39m {
  code: [32m'EADDRINUSE'[39m,
  errno: [33m-48[39m,
  syscall: [32m'listen'[39m,
  address: [32m'127.0.0.1'[39m,
  port: [33m8923[39m
}
Failed to start server: Error: listen EADDRINUSE: address already in use 127.0.0.1:8923
[90m    at Server.setupListenHandle [as _listen2] (node:net:1940:16)[39m
[90m    at listenInCluster (node:net:1997:12)[39m
[90m    at node:net:2206:7[39m
[90m    at process.processTicksAndRejections (node:internal/process/task_queues:89:21)[39m {
  code: [32m'EADDRINUSE'[39m,
  errno: [33m-48[39m,
  syscall: [32m'listen'[39m,
  address: [32m'127.0.0.1'[39m,
  port: [33m8923[39m
}
Failed to start server: Error: listen EADDRINUSE: address already in use 127.0.0.1:8923
[90m    at Server.setupListenHandle [as _listen2] (node:net:1940:16)[39m
[90m    at listenInCluster (node:net:1997:12)[39m
[90m    at node:net:2206:7[39m
[90m    at process.processTicksAndRejections (node:internal/process/task_queues:89:21)[39m {
  code: [32m'EADDRINUSE'[39m,
  errno: [33m-48[39m,
  syscall: [32m'listen'[39m,
  address: [32m'127.0.0.1'[39m,
  port: [33m8923[39m
}
Failed to start server: Error: listen EADDRINUSE: address already in use 127.0.0.1:8923
[90m    at Server.setupListenHandle [as _listen2] (node:net:1940:16)[39m
[90m    at listenInCluster (node:net:1997:12)[39m
[90m    at node:net:2206:7[39m
[90m    at process.processTicksAndRejections (node:internal/process/task_queues:89:21)[39m {
  code: [32m'EADDRINUSE'[39m,
  errno: [33m-48[39m,
  syscall: [32m'listen'[39m,
  address: [32m'127.0.0.1'[39m,
  port: [33m8923[39m
}
Failed to start server: Error: listen EADDRINUSE: address already in use 127.0.0.1:8923
[90m    at Server.setupListenHandle [as _listen2] (node:net:1940:16)[39m
[90m    at listenInCluster (node:net:1997:12)[39m
[90m    at node:net:2206:7[39m
[90m    at process.processTicksAndRejections (node:internal/process/task_queues:89:21)[39m {
  code: [32m'EADDRINUSE'[39m,
  errno: [33m-48[39m,
  syscall: [32m'listen'[39m,
  address: [32m'127.0.0.1'[39m,
  port: [33m8923[39m
}
Failed to start server: Error: listen EADDRINUSE: address already in use 127.0.0.1:8923
[90m    at Server.setupListenHandle [as _listen2] (node:net:1940:16)[39m
[90m    at listenInCluster (node:net:1997:12)[39m
[90m    at node:net:2206:7[39m
[90m    at process.processTicksAndRejections (node:internal/process/task_queues:89:21)[39m {
  code: [32m'EADDRINUSE'[39m,
  errno: [33m-48[39m,
  syscall: [32m'listen'[39m,
  address: [32m'127.0.0.1'[39m,
  port: [33m8923[39m
}
Failed to start server: Error: listen EADDRINUSE: address already in use 127.0.0.1:8923
[90m    at Server.setupListenHandle [as _listen2] (node:net:1940:16)[39m
[90m    at listenInCluster (node:net:1997:12)[39m
[90m    at node:net:2206:7[39m
[90m    at process.processTicksAndRejections (node:internal/process/task_queues:89:21)[39m {
  code: [32m'EADDRINUSE'[39m,
  errno: [33m-48[39m,
  syscall: [32m'listen'[39m,
  address: [32m'127.0.0.1'[39m,
  port: [33m8923[39m
}
Failed to start server: Error: listen EADDRINUSE: address already in use 127.0.0.1:8923
[90m    at Server.setupListenHandle [as _listen2] (node:net:1940:16)[39m
[90m    at listenInCluster (node:net:1997:12)[39m
[90m    at node:net:2206:7[39m
[90m    at process.processTicksAndRejections (node:internal/process/task_queues:89:21)[39m {
  code: [32m'EADDRINUSE'[39m,
  errno: [33m-48[39m,
  syscall: [32m'listen'[39m,
  address: [32m'127.0.0.1'[39m,
  port: [33m8923[39m
}
Failed to start server: Error: listen EADDRINUSE: address already in use 127.0.0.1:8923
[90m    at Server.setupListenHandle [as _listen2] (node:net:1940:16)[39m
[90m    at listenInCluster (node:net:1997:12)[39m
[90m    at node:net:2206:7[39m
[90m    at process.processTicksAndRejections (node:internal/process/task_queues:89:21)[39m {
  code: [32m'EADDRINUSE'[39m,
  errno: [33m-48[39m,
  syscall: [32m'listen'[39m,
  address: [32m'127.0.0.1'[39m,
  port: [33m8923[39m
}
Failed to start server: Error: listen EADDRINUSE: address already in use 127.0.0.1:8923
[90m    at Server.setupListenHandle [as _listen2] (node:net:1940:16)[39m
[90m    at listenInCluster (node:net:1997:12)[39m
[90m    at node:net:2206:7[39m
[90m    at process.processTicksAndRejections (node:internal/process/task_queues:89:21)[39m {
  code: [32m'EADDRINUSE'[39m,
  errno: [33m-48[39m,
  syscall: [32m'listen'[39m,
  address: [32m'127.0.0.1'[39m,
  port: [33m8923[39m
}
Failed to start server: Error: listen EADDRINUSE: address already in use 127.0.0.1:8923
[90m    at Server.setupListenHandle [as _listen2] (node:net:1940:16)[39m
[90m    at listenInCluster (node:net:1997:12)[39m
[90m    at node:net:2206:7[39m
[90m    at process.processTicksAndRejections (node:internal/process/task_queues:89:21)[39m {
  code: [32m'EADDRINUSE'[39m,
  errno: [33m-48[39m,
  syscall: [32m'listen'[39m,
  address: [32m'127.0.0.1'[39m,
  port: [33m8923[39m
}
Failed to start server: Error: listen EADDRINUSE: address already in use 127.0.0.1:8923
[90m    at Server.setupListenHandle [as _listen2] (node:net:1940:16)[39m
[90m    at listenInCluster (node:net:1997:12)[39m
[90m    at node:net:2206:7[39m
[90m    at process.processTicksAndRejections (node:internal/process/task_queues:89:21)[39m {
  code: [32m'EADDRINUSE'[39m,
  errno: [33m-48[39m,
  syscall: [32m'listen'[39m,
  address: [32m'127.0.0.1'[39m,
  port: [33m8923[39m
}
Failed to start server: Error: listen EADDRINUSE: address already in use 127.0.0.1:8923
[90m    at Server.setupListenHandle [as _listen2] (node:net:1940:16)[39m
[90m    at listenInCluster (node:net:1997:12)[39m
[90m    at node:net:2206:7[39m
[90m    at process.processTicksAndRejections (node:internal/process/task_queues:89:21)[39m {
  code: [32m'EADDRINUSE'[39m,
  errno: [33m-48[39m,
  syscall: [32m'listen'[39m,
  address: [32m'127.0.0.1'[39m,
  port: [33m8923[39m
}
Failed to start server: Error: listen EADDRINUSE: address already in use 127.0.0.1:8923
[90m    at Server.setupListenHandle [as _listen2] (node:net:1940:16)[39m
[90m    at listenInCluster (node:net:1997:12)[39m
[90m    at node:net:2206:7[39m
[90m    at process.processTicksAndRejections (node:internal/process/task_queues:89:21)[39m {
  code: [32m'EADDRINUSE'[39m,
  errno: [33m-48[39m,
  syscall: [32m'listen'[39m,
  address: [32m'127.0.0.1'[39m,
  port: [33m8923[39m
}
Failed to start server: Error: listen EADDRINUSE: address already in use 127.0.0.1:8923
[90m    at Server.setupListenHandle [as _listen2] (node:net:1940:16)[39m
[90m    at listenInCluster (node:net:1997:12)[39m
[90m    at node:net:2206:7[39m
[90m    at process.processTicksAndRejections (node:internal/process/task_queues:89:21)[39m {
  code: [32m'EADDRINUSE'[39m,
  errno: [33m-48[39m,
  syscall: [32m'listen'[39m,
  address: [32m'127.0.0.1'[39m,
  port: [33m8923[39m
}
Failed to start server: Error: listen EADDRINUSE: address already in use 127.0.0.1:8923
[90m    at Server.setupListenHandle [as _listen2] (node:net:1940:16)[39m
[90m    at listenInCluster (node:net:1997:12)[39m
[90m    at node:net:2206:7[39m
[90m    at process.processTicksAndRejections (node:internal/process/task_queues:89:21)[39m {
  code: [32m'EADDRINUSE'[39m,
  errno: [33m-48[39m,
  syscall: [32m'listen'[39m,
  address: [32m'127.0.0.1'[39m,
  port: [33m8923[39m
}
Failed to start server: Error: listen EADDRINUSE: address already in use 127.0.0.1:8923
[90m    at Server.setupListenHandle [as _listen2] (node:net:1940:16)[39m
[90m    at listenInCluster (node:net:1997:12)[39m
[90m    at node:net:2206:7[39m
[90m    at process.processTicksAndRejections (node:internal/process/task_queues:89:21)[39m {
  code: [32m'EADDRINUSE'[39m,
  errno: [33m-48[39m,
  syscall: [32m'listen'[39m,
  address: [32m'127.0.0.1'[39m,
  port: [33m8923[39m
}
Failed to start server: Error: listen EADDRINUSE: address already in use 127.0.0.1:8923
[90m    at Server.setupListenHandle [as _listen2] (node:net:1940:16)[39m
[90m    at listenInCluster (node:net:1997:12)[39m
[90m    at node:net:2206:7[39m
[90m    at process.processTicksAndRejections (node:internal/process/task_queues:89:21)[39m {
  code: [32m'EADDRINUSE'[39m,
  errno: [33m-48[39m,
  syscall: [32m'listen'[39m,
  address: [32m'127.0.0.1'[39m,
  port: [33m8923[39m
}
Failed to start server: Error: listen EADDRINUSE: address already in use 127.0.0.1:8923
[90m    at Server.setupListenHandle [as _listen2] (node:net:1940:16)[39m
[90m    at listenInCluster (node:net:1997:12)[39m
[90m    at node:net:2206:7[39m
[90m    at process.processTicksAndRejections (node:internal/process/task_queues:89:21)[39m {
  code: [32m'EADDRINUSE'[39m,
  errno: [33m-48[39m,
  syscall: [32m'listen'[39m,
  address: [32m'127.0.0.1'[39m,
  port: [33m8923[39m
}
Failed to start server: Error: listen EADDRINUSE: address already in use 127.0.0.1:8923
[90m    at Server.setupListenHandle [as _listen2] (node:net:1940:16)[39m
[90m    at listenInCluster (node:net:1997:12)[39m
[90m    at node:net:2206:7[39m
[90m    at process.processTicksAndRejections (node:internal/process/task_queues:89:21)[39m {
  code: [32m'EADDRINUSE'[39m,
  errno: [33m-48[39m,
  syscall: [32m'listen'[39m,
  address: [32m'127.0.0.1'[39m,
  port: [33m8923[39m
}
Failed to start server: Error: listen EADDRINUSE: address already in use 127.0.0.1:8923
[90m    at Server.setupListenHandle [as _listen2] (node:net:1940:16)[39m
[90m    at listenInCluster (node:net:1997:12)[39m
[90m    at node:net:2206:7[39m
[90m    at process.processTicksAndRejections (node:internal/process/task_queues:89:21)[39m {
  code: [32m'EADDRINUSE'[39m,
  errno: [33m-48[39m,
  syscall: [32m'listen'[39m,
  address: [32m'127.0.0.1'[39m,
  port: [33m8923[39m
}
Failed to start server: Error: listen EADDRINUSE: address already in use 127.0.0.1:8923
[90m    at Server.setupListenHandle [as _listen2] (node:net:1940:16)[39m
[90m    at listenInCluster (node:net:1997:12)[39m
[90m    at node:net:2206:7[39m
[90m    at process.processTicksAndRejections (node:internal/process/task_queues:89:21)[39m {
  code: [32m'EADDRINUSE'[39m,
  errno: [33m-48[39m,
  syscall: [32m'listen'[39m,
  address: [32m'127.0.0.1'[39m,
  port: [33m8923[39m
}
Failed to start server: Error: listen EADDRINUSE: address already in use 127.0.0.1:8923
[90m    at Server.setupListenHandle [as _listen2] (node:net:1940:16)[39m
[90m    at listenInCluster (node:net:1997:12)[39m
[90m    at node:net:2206:7[39m
[90m    at process.processTicksAndRejections (node:internal/process/task_queues:89:21)[39m {
  code: [32m'EADDRINUSE'[39m,
  errno: [33m-48[39m,
  syscall: [32m'listen'[39m,
  address: [32m'127.0.0.1'[39m,
  port: [33m8923[39m
}
Failed to start server: Error: listen EADDRINUSE: address already in use 127.0.0.1:8923
[90m    at Server.setupListenHandle [as _listen2] (node:net:1940:16)[39m
[90m    at listenInCluster (node:net:1997:12)[39m
[90m    at node:net:2206:7[39m
[90m    at process.processTicksAndRejections (node:internal/process/task_queues:89:21)[39m {
  code: [32m'EADDRINUSE'[39m,
  errno: [33m-48[39m,
  syscall: [32m'listen'[39m,
  address: [32m'127.0.0.1'[39m,
  port: [33m8923[39m
}
Failed to start server: Error: listen EADDRINUSE: address already in use 127.0.0.1:8923
[90m    at Server.setupListenHandle [as _listen2] (node:net:1940:16)[39m
[90m    at listenInCluster (node:net:1997:12)[39m
[90m    at node:net:2206:7[39m
[90m    at process.processTicksAndRejections (node:internal/process/task_queues:89:21)[39m {
  code: [32m'EADDRINUSE'[39m,
  errno: [33m-48[39m,
  syscall: [32m'listen'[39m,
  address: [32m'127.0.0.1'[39m,
  port: [33m8923[39m
}
Failed to start server: Error: listen EADDRINUSE: address already in use 127.0.0.1:8923
[90m    at Server.setupListenHandle [as _listen2] (node:net:1940:16)[39m
[90m    at listenInCluster (node:net:1997:12)[39m
[90m    at node:net:2206:7[39m
[90m    at process.processTicksAndRejections (node:internal/process/task_queues:89:21)[39m {
  code: [32m'EADDRINUSE'[39m,
  errno: [33m-48[39m,
  syscall: [32m'listen'[39m,
  address: [32m'127.0.0.1'[39m,
  port: [33m8923[39m
}
Failed to start server: Error: listen EADDRINUSE: address already in use 127.0.0.1:8923
[90m    at Server.setupListenHandle [as _listen2] (node:net:1940:16)[39m
[90m    at listenInCluster (node:net:1997:12)[39m
[90m    at node:net:2206:7[39m
[90m    at process.processTicksAndRejections (node:internal/process/task_queues:89:21)[39m {
  code: [32m'EADDRINUSE'[39m,
  errno: [33m-48[39m,
  syscall: [32m'listen'[39m,
  address: [32m'127.0.0.1'[39m,
  port: [33m8923[39m
}
Failed to start server: Error: listen EADDRINUSE: address already in use 127.0.0.1:8923
[90m    at Server.setupListenHandle [as _listen2] (node:net:1940:16)[39m
[90m    at listenInCluster (node:net:1997:12)[39m
[90m    at node:net:2206:7[39m
[90m    at process.processTicksAndRejections (node:internal/process/task_queues:89:21)[39m {
  code: [32m'EADDRINUSE'[39m,
  errno: [33m-48[39m,
  syscall: [32m'listen'[39m,
  address: [32m'127.0.0.1'[39m,
  port: [33m8923[39m
}
Failed to start server: Error: listen EADDRINUSE: address already in use 127.0.0.1:8923
[90m    at Server.setupListenHandle [as _listen2] (node:net:1940:16)[39m
[90m    at listenInCluster (node:net:1997:12)[39m
[90m    at node:net:2206:7[39m
[90m    at process.processTicksAndRejections (node:internal/process/task_queues:89:21)[39m {
  code: [32m'EADDRINUSE'[39m,
  errno: [33m-48[39m,
  syscall: [32m'listen'[39m,
  address: [32m'127.0.0.1'[39m,
  port: [33m8923[39m
}
Failed to start server: Error: listen EADDRINUSE: address already in use 127.0.0.1:8923
[90m    at Server.setupListenHandle [as _listen2] (node:net:1940:16)[39m
[90m    at listenInCluster (node:net:1997:12)[39m
[90m    at node:net:2206:7[39m
[90m    at process.processTicksAndRejections (node:internal/process/task_queues:89:21)[39m {
  code: [32m'EADDRINUSE'[39m,
  errno: [33m-48[39m,
  syscall: [32m'listen'[39m,
  address: [32m'127.0.0.1'[39m,
  port: [33m8923[39m
}
Failed to start server: Error: listen EADDRINUSE: address already in use 127.0.0.1:8923
[90m    at Server.setupListenHandle [as _listen2] (node:net:1940:16)[39m
[90m    at listenInCluster (node:net:1997:12)[39m
[90m    at node:net:2206:7[39m
[90m    at process.processTicksAndRejections (node:internal/process/task_queues:89:21)[39m {
  code: [32m'EADDRINUSE'[39m,
  errno: [33m-48[39m,
  syscall: [32m'listen'[39m,
  address: [32m'127.0.0.1'[39m,
  port: [33m8923[39m
}
Failed to start server: Error: listen EADDRINUSE: address already in use 127.0.0.1:8923
[90m    at Server.setupListenHandle [as _listen2] (node:net:1940:16)[39m
[90m    at listenInCluster (node:net:1997:12)[39m
[90m    at node:net:2206:7[39m
[90m    at process.processTicksAndRejections (node:internal/process/task_queues:89:21)[39m {
  code: [32m'EADDRINUSE'[39m,
  errno: [33m-48[39m,
  syscall: [32m'listen'[39m,
  address: [32m'127.0.0.1'[39m,
  port: [33m8923[39m
}
Failed to start server: Error: listen EADDRINUSE: address already in use 127.0.0.1:8923
[90m    at Server.setupListenHandle [as _listen2] (node:net:1940:16)[39m
[90m    at listenInCluster (node:net:1997:12)[39m
[90m    at node:net:2206:7[39m
[90m    at process.processTicksAndRejections (node:internal/process/task_queues:89:21)[39m {
  code: [32m'EADDRINUSE'[39m,
  errno: [33m-48[39m,
  syscall: [32m'listen'[39m,
  address: [32m'127.0.0.1'[39m,
  port: [33m8923[39m
}
Failed to start server: Error: listen EADDRINUSE: address already in use 127.0.0.1:8923
[90m    at Server.setupListenHandle [as _listen2] (node:net:1940:16)[39m
[90m    at listenInCluster (node:net:1997:12)[39m
[90m    at node:net:2206:7[39m
[90m    at process.processTicksAndRejections (node:internal/process/task_queues:89:21)[39m {
  code: [32m'EADDRINUSE'[39m,
  errno: [33m-48[39m,
  syscall: [32m'listen'[39m,
  address: [32m'127.0.0.1'[39m,
  port: [33m8923[39m
}
Failed to start server: Error: listen EADDRINUSE: address already in use 127.0.0.1:8923
[90m    at Server.setupListenHandle [as _listen2] (node:net:1940:16)[39m
[90m    at listenInCluster (node:net:1997:12)[39m
[90m    at node:net:2206:7[39m
[90m    at process.processTicksAndRejections (node:internal/process/task_queues:89:21)[39m {
  code: [32m'EADDRINUSE'[39m,
  errno: [33m-48[39m,
  syscall: [32m'listen'[39m,
  address: [32m'127.0.0.1'[39m,
  port: [33m8923[39m
}
Failed to start server: Error: listen EADDRINUSE: address already in use 127.0.0.1:8923
[90m    at Server.setupListenHandle [as _listen2] (node:net:1940:16)[39m
[90m    at listenInCluster (node:net:1997:12)[39m
[90m    at node:net:2206:7[39m
[90m    at process.processTicksAndRejections (node:internal/process/task_queues:89:21)[39m {
  code: [32m'EADDRINUSE'[39m,
  errno: [33m-48[39m,
  syscall: [32m'listen'[39m,
  address: [32m'127.0.0.1'[39m,
  port: [33m8923[39m
}
Failed to start server: Error: listen EADDRINUSE: address already in use 127.0.0.1:8923
[90m    at Server.setupListenHandle [as _listen2] (node:net:1940:16)[39m
[90m    at listenInCluster (node:net:1997:12)[39m
[90m    at node:net:2206:7[39m
[90m    at process.processTicksAndRejections (node:internal/process/task_queues:89:21)[39m {
  code: [32m'EADDRINUSE'[39m,
  errno: [33m-48[39m,
  syscall: [32m'listen'[39m,
  address: [32m'127.0.0.1'[39m,
  port: [33m8923[39m
}
Failed to start server: Error: listen EADDRINUSE: address already in use 127.0.0.1:8923
[90m    at Server.setupListenHandle [as _listen2] (node:net:1940:16)[39m
[90m    at listenInCluster (node:net:1997:12)[39m
[90m    at node:net:2206:7[39m
[90m    at process.processTicksAndRejections (node:internal/process/task_queues:89:21)[39m {
  code: [32m'EADDRINUSE'[39m,
  errno: [33m-48[39m,
  syscall: [32m'listen'[39m,
  address: [32m'127.0.0.1'[39m,
  port: [33m8923[39m
}
Failed to start server: Error: listen EADDRINUSE: address already in use 127.0.0.1:8923
[90m    at Server.setupListenHandle [as _listen2] (node:net:1940:16)[39m
[90m    at listenInCluster (node:net:1997:12)[39m
[90m    at node:net:2206:7[39m
[90m    at process.processTicksAndRejections (node:internal/process/task_queues:89:21)[39m {
  code: [32m'EADDRINUSE'[39m,
  errno: [33m-48[39m,
  syscall: [32m'listen'[39m,
  address: [32m'127.0.0.1'[39m,
  port: [33m8923[39m
}
Failed to start server: Error: listen EADDRINUSE: address already in use 127.0.0.1:8923
[90m    at Server.setupListenHandle [as _listen2] (node:net:1940:16)[39m
[90m    at listenInCluster (node:net:1997:12)[39m
[90m    at node:net:2206:7[39m
[90m    at process.processTicksAndRejections (node:internal/process/task_queues:89:21)[39m {
  code: [32m'EADDRINUSE'[39m,
  errno: [33m-48[39m,
  syscall: [32m'listen'[39m,
  address: [32m'127.0.0.1'[39m,
  port: [33m8923[39m
}
Failed to start server: Error: listen EADDRINUSE: address already in use 127.0.0.1:8923
[90m    at Server.setupListenHandle [as _listen2] (node:net:1940:16)[39m
[90m    at listenInCluster (node:net:1997:12)[39m
[90m    at node:net:2206:7[39m
[90m    at process.processTicksAndRejections (node:internal/process/task_queues:89:21)[39m {
  code: [32m'EADDRINUSE'[39m,
  errno: [33m-48[39m,
  syscall: [32m'listen'[39m,
  address: [32m'127.0.0.1'[39m,
  port: [33m8923[39m
}
Failed to start server: Error: listen EADDRINUSE: address already in use 127.0.0.1:8923
[90m    at Server.setupListenHandle [as _listen2] (node:net:1940:16)[39m
[90m    at listenInCluster (node:net:1997:12)[39m
[90m    at node:net:2206:7[39m
[90m    at process.processTicksAndRejections (node:internal/process/task_queues:89:21)[39m {
  code: [32m'EADDRINUSE'[39m,
  errno: [33m-48[39m,
  syscall: [32m'listen'[39m,
  address: [32m'127.0.0.1'[39m,
  port: [33m8923[39m
}
Failed to start server: Error: listen EADDRINUSE: address already in use 127.0.0.1:8923
[90m    at Server.setupListenHandle [as _listen2] (node:net:1940:16)[39m
[90m    at listenInCluster (node:net:1997:12)[39m
[90m    at node:net:2206:7[39m
[90m    at process.processTicksAndRejections (node:internal/process/task_queues:89:21)[39m {
  code: [32m'EADDRINUSE'[39m,
  errno: [33m-48[39m,
  syscall: [32m'listen'[39m,
  address: [32m'127.0.0.1'[39m,
  port: [33m8923[39m
}
Failed to start server: Error: listen EADDRINUSE: address already in use 127.0.0.1:8923
[90m    at Server.setupListenHandle [as _listen2] (node:net:1940:16)[39m
[90m    at listenInCluster (node:net:1997:12)[39m
[90m    at node:net:2206:7[39m
[90m    at process.processTicksAndRejections (node:internal/process/task_queues:89:21)[39m {
  code: [32m'EADDRINUSE'[39m,
  errno: [33m-48[39m,
  syscall: [32m'listen'[39m,
  address: [32m'127.0.0.1'[39m,
  port: [33m8923[39m
}
Failed to start server: Error: listen EADDRINUSE: address already in use 127.0.0.1:8923
[90m    at Server.setupListenHandle [as _listen2] (node:net:1940:16)[39m
[90m    at listenInCluster (node:net:1997:12)[39m
[90m    at node:net:2206:7[39m
[90m    at process.processTicksAndRejections (node:internal/process/task_queues:89:21)[39m {
  code: [32m'EADDRINUSE'[39m,
  errno: [33m-48[39m,
  syscall: [32m'listen'[39m,
  address: [32m'127.0.0.1'[39m,
  port: [33m8923[39m
}
Failed to start server: Error: listen EADDRINUSE: address already in use 127.0.0.1:8923
[90m    at Server.setupListenHandle [as _listen2] (node:net:1940:16)[39m
[90m    at listenInCluster (node:net:1997:12)[39m
[90m    at node:net:2206:7[39m
[90m    at process.processTicksAndRejections (node:internal/process/task_queues:89:21)[39m {
  code: [32m'EADDRINUSE'[39m,
  errno: [33m-48[39m,
  syscall: [32m'listen'[39m,
  address: [32m'127.0.0.1'[39m,
  port: [33m8923[39m
}
Failed to start server: Error: listen EADDRINUSE: address already in use 127.0.0.1:8923
[90m    at Server.setupListenHandle [as _listen2] (node:net:1940:16)[39m
[90m    at listenInCluster (node:net:1997:12)[39m
[90m    at node:net:2206:7[39m
[90m    at process.processTicksAndRejections (node:internal/process/task_queues:89:21)[39m {
  code: [32m'EADDRINUSE'[39m,
  errno: [33m-48[39m,
  syscall: [32m'listen'[39m,
  address: [32m'127.0.0.1'[39m,
  port: [33m8923[39m
}
Failed to start server: Error: listen EADDRINUSE: address already in use 127.0.0.1:8923
[90m    at Server.setupListenHandle [as _listen2] (node:net:1940:16)[39m
[90m    at listenInCluster (node:net:1997:12)[39m
[90m    at node:net:2206:7[39m
[90m    at process.processTicksAndRejections (node:internal/process/task_queues:89:21)[39m {
  code: [32m'EADDRINUSE'[39m,
  errno: [33m-48[39m,
  syscall: [32m'listen'[39m,
  address: [32m'127.0.0.1'[39m,
  port: [33m8923[39m
}

[Bridge Server] Started on http://127.0.0.1:8923
[Bridge Server] Health check: http://127.0.0.1:8923/api/health


[Bridge Server] Started on http://127.0.0.1:8923
[Bridge Server] Health check: http://127.0.0.1:8923/api/health


[Bridge Server] Started on http://127.0.0.1:8923
[Bridge Server] Health check: http://127.0.0.1:8923/api/health

[API] GET /api/health
[API] POST /api/page/text
[API] POST /api/browser/launch
[Browser] Launching Chrome at: C:\Program Files (x86)\Microsoft\Edge\Application\msedge.exe
[Browser] CDP port: 9222
[Browser] User data dir: C:\Users\Administrator\AppData\Local\Temp\chrome-cdp-1772328476162
[Browser] Headless: false
[Browser] Flags: --no-first-run --no-default-browser-check --disable-background-timer-throttling --disable-backgrounding-occluded-windows --disable-renderer-backgrounding
[Browser] Chrome started with PID: 921884
[Browser] CDP ready after 1 attempts (18ms)
[Browser] CDP ready on port 9222
[Browser stderr] [921884:921716:0301/092756.399:ERROR:net\socket\tcp_socket_win.cc:555] bind() returned an error: 通常每个套接字地址(协议/网络地址/端口)只允许使用一次。 (0x2740)
[Browser stderr] DevTools listening on ws://[::1]:9222/devtools/browser/80173275-d619-48fe-9c97-6581f26fcc40
[API] POST /api/browser/connect
[Playwright] Connecting to CDP on port 9222
[Playwright] CDP WebSocket URL: ws://127.0.0.1:9222/devtools/browser/251c65b0-f88f-440f-a0a9-4d91a718ca0f
[Playwright] Connected to browser
[Playwright] Using existing context
[Playwright] Connection established: 8f11dc79-63ba-4225-9353-319f795c47f8
[API] POST /api/search
[Search] Trying engine: google
[Google] Searching for: "malignant glomus tumor experts researchers" (max 10 results)
[Playwright] No existing pages, creating new page
[Google] Navigating to: https://www.google.com/search?q=malignant%20glomus%20tumor%20experts%20researchers&hl=en
[Google] Page loaded: https://www.google.com/search?q=malignant%20glomus%20tumor%20experts%20researchers&hl=en
[Google] Search results found
[Google] Extracted 10 results in 2825ms
[API] GET /api/health
[API] POST /api/page/text
[Playwright] Using existing page: https://www.google.com/search?q=malignant%20glomus%20tumor%20experts%20researchers&hl=en
[Operations] Getting text content
[Operations] Text content retrieved (376403 chars)
[API] POST /api/search
[Search] Trying engine: google
[Google] Searching for: "glomus tumor pathologist oncologist specialists" (max 10 results)
[Playwright] Using existing page: https://www.google.com/search?q=malignant%20glomus%20tumor%20experts%20researchers&hl=en
[Google] Navigating to: https://www.google.com/search?q=glomus%20tumor%20pathologist%20oncologist%20specialists&hl=en
[Google] Page loaded: https://www.google.com/search?q=glomus%20tumor%20pathologist%20oncologist%20specialists&hl=en
[Google] Search results found
[Google] Extracted 10 results in 2212ms
[API] GET /api/health
[API] POST /api/page/text
[Playwright] Using existing page: https://www.google.com/search?q=glomus%20tumor%20pathologist%20oncologist%20specialists&hl=en
[Operations] Getting text content
[Operations] Text content retrieved (558294 chars)
[API] POST /api/search
[Search] Trying engine: google
[Google] Searching for: "malignant glomus tumor research papers authors" (max 10 results)
[Playwright] Using existing page: https://www.google.com/search?q=glomus%20tumor%20pathologist%20oncologist%20specialists&hl=en
[Google] Navigating to: https://www.google.com/search?q=malignant%20glomus%20tumor%20research%20papers%20authors&hl=en
[Google] Page loaded: https://www.google.com/search?q=malignant%20glomus%20tumor%20research%20papers%20authors&hl=en
[Google] Search results found
[Google] Extracted 10 results in 1615ms
[API] GET /api/health
[API] POST /api/page/text
[Playwright] Using existing page: https://www.google.com/search?q=malignant%20glomus%20tumor%20research%20papers%20authors&hl=en
[Operations] Getting text content
[Operations] Text content retrieved (456566 chars)
[API] POST /api/search
[Search] Trying engine: google
[Google] Searching for: "glomus tumor expert pathologist university" (max 10 results)
[Playwright] Using existing page: https://www.google.com/search?q=malignant%20glomus%20tumor%20research%20papers%20authors&hl=en
[Google] Navigating to: https://www.google.com/search?q=glomus%20tumor%20expert%20pathologist%20university&hl=en
[Google] Page loaded: https://www.google.com/search?q=glomus%20tumor%20expert%20pathologist%20university&hl=en
[Google] Search results found
[Google] Extracted 10 results in 1545ms
[API] GET /api/health
[API] POST /api/page/text
[Playwright] Using existing page: https://www.google.com/search?q=glomus%20tumor%20expert%20pathologist%20university&hl=en
[Operations] Getting text content
[Operations] Text content retrieved (379501 chars)
[API] POST /api/search
[Search] Trying engine: google
[Google] Searching for: "malignant glomus tumor international experts 2025" (max 10 results)
[Playwright] Using existing page: https://www.google.com/search?q=glomus%20tumor%20expert%20pathologist%20university&hl=en
[Google] Navigating to: https://www.google.com/search?q=malignant%20glomus%20tumor%20international%20experts%202025&hl=en
[Google] Page loaded: https://www.google.com/search?q=malignant%20glomus%20tumor%20international%20experts%202025&hl=en
[Google] Search results found
[Google] Extracted 10 results in 1713ms
[Browser stderr] [921884:923448:0301/092845.986:ERROR:chrome\browser\task_manager\providers\fallback_task_provider.cc:126] Every renderer should have at least one task provided by a primary task provider. If a "Renderer" fallback task is shown, it is a bug. If you have repro steps, please file a new bug and tag it as a dependency of crbug.com/739782.
[Browser stderr] [921884:923448:0301/092920.649:ERROR:chrome\browser\task_manager\providers\fallback_task_provider.cc:126] Every renderer should have at least one task provided by a primary task provider. If a "Renderer" fallback task is shown, it is a bug. If you have repro steps, please file a new bug and tag it as a dependency of crbug.com/739782.
[API] GET /api/health
[API] POST /api/page/text
[Playwright] Using existing page: https://www.google.com/search?q=malignant%20glomus%20tumor%20international%20experts%202025&hl=en
[Operations] Getting text content
[Operations] Text content retrieved (367855 chars)
[API] POST /api/search
[Search] Trying engine: google
[Google] Searching for: "John Smith MSKCC glomus tumor" (max 10 results)
[Playwright] Using existing page: https://www.google.com/search?q=malignant%20glomus%20tumor%20international%20experts%202025&hl=en
[Google] Navigating to: https://www.google.com/search?q=John%20Smith%20MSKCC%20glomus%20tumor&hl=en
[Google] Page loaded: https://www.google.com/search?q=John%20Smith%20MSKCC%20glomus%20tumor&hl=en
[Google] Search results found
[Google] Extracted 10 results in 1543ms
[API] GET /api/health
[API] POST /api/page/text
[Playwright] Using existing page: https://www.google.com/search?q=John%20Smith%20MSKCC%20glomus%20tumor&hl=en
[Operations] Getting text content
[Operations] Text content retrieved (432988 chars)
[API] POST /api/search
[Search] Trying engine: google
[Google] Searching for: "glomus tumor researchers pathologists published papers" (max 10 results)
[Playwright] Using existing page: https://www.google.com/search?q=John%20Smith%20MSKCC%20glomus%20tumor&hl=en
[Google] Navigating to: https://www.google.com/search?q=glomus%20tumor%20researchers%20pathologists%20published%20papers&hl=en
[Google] Page loaded: https://www.google.com/search?q=glomus%20tumor%20researchers%20pathologists%20published%20papers&hl=en
[Google] Search results found
[Google] Extracted 10 results in 1584ms
[API] GET /api/health
[API] POST /api/page/text
[Playwright] Using existing page: https://www.google.com/search?q=glomus%20tumor%20researchers%20pathologists%20published%20papers&hl=en
[Operations] Getting text content
[Operations] Text content retrieved (197941 chars)
[API] POST /api/search
[Search] Trying engine: google
[Google] Searching for: "authors of glomus tumor papers pathologists" (max 10 results)
[Playwright] Using existing page: https://www.google.com/search?q=glomus%20tumor%20researchers%20pathologists%20published%20papers&hl=en
[Google] Navigating to: https://www.google.com/search?q=authors%20of%20glomus%20tumor%20papers%20pathologists&hl=en
[Google] Page loaded: https://www.google.com/search?q=authors%20of%20glomus%20tumor%20papers%20pathologists&hl=en
[Google] Search results found
[Google] Extracted 10 results in 1626ms
[API] GET /api/health
[API] POST /api/page/text
[Playwright] Using existing page: https://www.google.com/search?q=authors%20of%20glomus%20tumor%20papers%20pathologists&hl=en
[Operations] Getting text content
[Operations] Text content retrieved (329617 chars)
[API] POST /api/search
[Search] Trying engine: google
[Google] Searching for: "glomus tumor expert pathologist university research center" (max 10 results)
[Playwright] Using existing page: https://www.google.com/search?q=authors%20of%20glomus%20tumor%20papers%20pathologists&hl=en
[Google] Navigating to: https://www.google.com/search?q=glomus%20tumor%20expert%20pathologist%20university%20research%20center&hl=en
[Google] Page loaded: https://www.google.com/search?q=glomus%20tumor%20expert%20pathologist%20university%20research%20center&hl=en
[Google] Search results found
[Google] Extracted 10 results in 1907ms
[API] GET /api/health
[API] POST /api/page/text
[Playwright] Using existing page: https://www.google.com/search?q=glomus%20tumor%20expert%20pathologist%20university%20research%20center&hl=en
[Operations] Getting text content
[Operations] Text content retrieved (373173 chars)
[API] POST /api/search
[Search] Trying engine: google
[Google] Searching for: "Gregory Lauwers glomus tumor PubMed" (max 5 results)
[Playwright] Using existing page: https://www.google.com/search?q=glomus%20tumor%20expert%20pathologist%20university%20research%20center&hl=en
[Google] Navigating to: https://www.google.com/search?q=Gregory%20Lauwers%20glomus%20tumor%20PubMed&hl=en
[Google] Page loaded: https://www.google.com/search?q=Gregory%20Lauwers%20glomus%20tumor%20PubMed&hl=en
[Google] Search results found
[Google] Extracted 5 results in 1743ms
[API] GET /api/health
[API] POST /api/page/text
[Playwright] Using existing page: https://www.google.com/search?q=Gregory%20Lauwers%20glomus%20tumor%20PubMed&hl=en
[Operations] Getting text content
[Operations] Text content retrieved (210584 chars)
[API] POST /api/search
[Search] Trying engine: google
[Google] Searching for: "Hans Grossniklaus glomus tumor PubMed" (max 5 results)
[Playwright] Using existing page: https://www.google.com/search?q=Gregory%20Lauwers%20glomus%20tumor%20PubMed&hl=en
[Google] Navigating to: https://www.google.com/search?q=Hans%20Grossniklaus%20glomus%20tumor%20PubMed&hl=en
[Google] Page loaded: https://www.google.com/search?q=Hans%20Grossniklaus%20glomus%20tumor%20PubMed&hl=en
[Google] Search results found
[Google] Extracted 5 results in 1705ms
[API] GET /api/health
[API] POST /api/page/text
[Playwright] Using existing page: https://www.google.com/search?q=Hans%20Grossniklaus%20glomus%20tumor%20PubMed&hl=en
[Operations] Getting text content
[Operations] Text content retrieved (437443 chars)
[API] POST /api/search
[Search] Trying engine: google
[Google] Searching for: "Peter O'Donnell Jr Brain Institute glomus tumor PubMed" (max 5 results)
[Playwright] Using existing page: https://www.google.com/search?q=Hans%20Grossniklaus%20glomus%20tumor%20PubMed&hl=en
[Google] Navigating to: https://www.google.com/search?q=Peter%20O'Donnell%20Jr%20Brain%20Institute%20glomus%20tumor%20PubMed&hl=en
[Google] Page loaded: https://www.google.com/search?q=Peter%20O%27Donnell%20Jr%20Brain%20Institute%20glomus%20tumor%20PubMed&hl=en
[Google] Search results found
[Google] Extracted 5 results in 2122ms
[API] GET /api/health
[API] POST /api/page/text
[Playwright] Using existing page: https://www.google.com/search?q=Peter%20O%27Donnell%20Jr%20Brain%20Institute%20glomus%20tumor%20PubMed&hl=en
[Operations] Getting text content
[Operations] Text content retrieved (213319 chars)
[API] POST /api/search
[Search] Trying engine: google
[Google] Searching for: "glomus tumor pathologist authors research 2024-2025" (max 5 results)
[Playwright] Using existing page: https://www.google.com/search?q=Peter%20O%27Donnell%20Jr%20Brain%20Institute%20glomus%20tumor%20PubMed&hl=en
[Google] Navigating to: https://www.google.com/search?q=glomus%20tumor%20pathologist%20authors%20research%202024-2025&hl=en
[Google] Page loaded: https://www.google.com/search?q=glomus%20tumor%20pathologist%20authors%20research%202024-2025&hl=en
[Google] Search results found
[Google] Extracted 5 results in 1705ms
[Browser stderr] [921884:923448:0302/082340.963:ERROR:components\device_event_log\device_event_log_impl.cc:248] [08:23:40.751] USB: usb_service_win.cc:105 SetupDiGetDeviceProperty({{A45C254E-DF1C-4EFD-8020-67D146A850E0}, 6}) failed: 找不到元素。 (0x490)
